-------- Log file star.log -------

Executable: (null)
Version: Unknown
System Name: star
Primary Input File: vpl.in
Body File #1: kv.in
Allow files to be overwitten: Yes
Mass Units: Grams
Length Units: Meters
Time Units: Seconds
Angle Units: Radians

------- FORMATTING -----
Verbosity Level: 5
Crossover Decade for Scientific Notation: 4
Number of Digits After Decimal: 6
Integration Method: Runge-Kutta4
Direction: Forward
Time Step: 3.155760e+07
Stop Time: 2.524608e+17
Output Interval: 3.155760e+12
Use Variable Timestep: Yes
dEta: 0.010000
Minimum Value of ecc and obl: 1.000000e-10


---- INITIAL SYSTEM PROPERTIES ----
(Age) System Age [sec]: 1.577880e+15 
(Time) Simulation Time [sec]: 0.000000 
(TotAngMom) Total Angular Momentum [kg*m^2/sec]: 3.907217e+42 
(TotEnergy) Total System Energy [kg*m^2/sec^2]: -2.173417e+41 
(PotEnergy) Body's non-orbital Potential Energy [kg*m^2/sec^2]: -2.174838e+41 
(KinEnergy) Body's non-orbital Kinetic Energy [kg*m^2/sec^2]: 1.420704e+38 
(DeltaTime) Average Timestep Over Last Output Interval [sec]: 0.000000 

----- BODY: star ----
Active Modules: STELLAR
Module Bit Sum: 65
Color: 000000
(Mass) Mass [kg]: 1.729560e+30 
(Radius) Radius [Rearth]: 86.359217 
(RadGyra) Radius of Gyration/Moment of Inertia Constant []: 0.319987 
(RotAngMom) Rotational Angular Momentum [kg*m^2/sec]: 3.907217e+42 
(RotVel) Rotational Velocity [m/sec]: 4.005587e+04 
(BodyType) Type of Body (0 == planet) []: 0.000000 
(RotRate) Rotational Frequency [/sec]: 7.272205e-05 
(RotPer) Rotational Period [sec]: 8.640000e+04 
(Density) Average Density [kg/m^3]: 2470.853292 
(HZLimitDryRunaway) Semi-major axis of Dry Runaway HZ Limit [m]: 8.584414e+10 
(HZLimRecVenus) Recent Venus HZ Limit [m]: 7.251924e+10 
(HZLimRunaway) Runaway Greenhouse HZ Limit [m]: 9.571055e+10 
(HZLimMoistGreenhouse) Moist Greenhouse HZ Limit [m]: 9.595431e+10 
(HZLimMaxGreenhouse) Maximum Greenhouse HZ Limit [m]: 1.673482e+11 
(HZLimEarlyMars) Early Mars HZ Limit [m]: 1.825716e+11 
(Instellation) Orbit-averaged INcident STELLar radiATION [kg/sec^3]: -1.000000 
(CriticalSemiMajorAxis) Holman & Wiegert (1999) P-type Critical Semi-major Axis [m]: -1.000000 
(LXUVTot) Total XUV Luminosity [kg/sec^3]: 1.849289e+23 
(LostEnergy) Body's Total Lost Energy [kg*m^2/sec^2]: 5.562685e-309 
(LostAngMom) Lost Angular Momentum due to Magnetic Braking [kg*m^2/sec]: 5.562685e-309 
----- STELLAR PARAMETERS (star)------
(Luminosity) Luminosity [LSUN]: 0.399696 
(LXUVStellar) Base X-ray/XUV Luminosity [LSUN]: 0.000481 
(Temperature) Effective Temperature [K]: 5159.256479 
(LXUVFrac) Fraction of luminosity in XUV []: 0.001203 
(RossbyNumber) Rossby Number []: 0.046135 
(DRotPerDtStellar) Time Rate of Change of Rotation Period in STELLAR []: -3.373271e-13 
(WindTorque) Stellar Wind Torque []: 7.967817e+26 
Output Order: [year] [year] [LSUN] [LSUN] [Rearth] [K] []
Grid Output Order:



---- FINAL SYSTEM PROPERTIES ----
(Age) System Age [sec]: 2.540387e+17 
(Time) Simulation Time [sec]: 2.524608e+17 
(TotAngMom) Total Angular Momentum [kg*m^2/sec]: 3.907194e+42 
(TotEnergy) Total System Energy [kg*m^2/sec^2]: -2.173394e+41 
(PotEnergy) Body's non-orbital Potential Energy [kg*m^2/sec^2]: -2.008045e+41 
(KinEnergy) Body's non-orbital Kinetic Energy [kg*m^2/sec^2]: 6.251720e+34 
(DeltaTime) Average Timestep Over Last Output Interval [sec]: 1.577880e+12 

----- BODY: star ----
Active Modules: STELLAR
Module Bit Sum: 65
Color: 000000
(Mass) Mass [kg]: 1.729560e+30 
(Radius) Radius [Rearth]: 93.532406 
(RadGyra) Radius of Gyration/Moment of Inertia Constant []: 0.298723 
(RotAngMom) Rotational Angular Momentum [kg*m^2/sec]: 8.287153e+40 
(RotVel) Rotational Velocity [m/sec]: 900.072635 
(BodyType) Type of Body (0 == planet) []: 0.000000 
(RotRate) Rotational Frequency [/sec]: 1.508774e-06 
(RotPer) Rotational Period [sec]: 4.164432e+06 
(Density) Average Density [kg/m^3]: 1944.852774 
(HZLimitDryRunaway) Semi-major axis of Dry Runaway HZ Limit [m]: 9.789734e+10 
(HZLimRecVenus) Recent Venus HZ Limit [m]: 8.227345e+10 
(HZLimRunaway) Runaway Greenhouse HZ Limit [m]: 1.083794e+11 
(HZLimMoistGreenhouse) Moist Greenhouse HZ Limit [m]: 1.088606e+11 
(HZLimMaxGreenhouse) Maximum Greenhouse HZ Limit [m]: 1.886839e+11 
(HZLimEarlyMars) Early Mars HZ Limit [m]: 2.058528e+11 
(Instellation) Orbit-averaged INcident STELLar radiATION [kg/sec^3]: -1.000000 
(CriticalSemiMajorAxis) Holman & Wiegert (1999) P-type Critical Semi-major Axis [m]: -1.000000 
(LXUVTot) Total XUV Luminosity [kg/sec^3]: 1.884294e+22 
(LostEnergy) Body's Total Lost Energy [kg*m^2/sec^2]: -1.653495e+40 
(LostAngMom) Lost Angular Momentum due to Magnetic Braking [kg*m^2/sec]: 3.824322e+42 
----- STELLAR PARAMETERS (star)------
(Luminosity) Luminosity [LSUN]: 0.519817 
(LXUVStellar) Base X-ray/XUV Luminosity [LSUN]: 4.899360e-05 
(Temperature) Effective Temperature [K]: 5290.279072 
(LXUVFrac) Fraction of luminosity in XUV []: 9.425163e-05 
(RossbyNumber) Rossby Number []: 2.421356 
(DRotPerDtStellar) Time Rate of Change of Rotation Period in STELLAR []: 8.209133e-12 
(WindTorque) Stellar Wind Torque []: 1.696169e+23 
Output Order: [year] [year] [LSUN] [LSUN] [Rearth] [K] []
Grid Output Order:
