-------- Log file kv.log -------

Executable: (null)
Version: Unknown
System Name: kv
Primary Input File: vpl.in
Body File #1: kv.in
Body File #2: earth.in
Allow files to be overwitten: Yes
Mass Units: Grams
Length Units: Meters
Time Units: Seconds
Angle Units: Radians

------- FORMATTING -----
Verbosity Level: 5
Crossover Decade for Scientific Notation: 4
Number of Digits After Decimal: 6
Integration Method: Runge-Kutta4
Direction: Forward
Time Step: 3.155760e+07
Stop Time: 2.524608e+17
Output Interval: 3.155760e+12
Use Variable Timestep: Yes
dEta: 0.010000
Minimum Value of ecc and obl: 1.000000e-10


---- INITIAL SYSTEM PROPERTIES ----
(Age) System Age [sec]: 1.577880e+15 
(Time) Simulation Time [sec]: 0.000000 
(TotAngMom) Total Angular Momentum [kg*m^2/sec]: 1.541870e+41 
(TotEnergy) Total System Energy [kg*m^2/sec^2]: -2.174836e+41 
(PotEnergy) Body's non-orbital Potential Energy [kg*m^2/sec^2]: -2.174838e+41 
(KinEnergy) Body's non-orbital Kinetic Energy [kg*m^2/sec^2]: 1.578560e+35 
(DeltaTime) Average Timestep Over Last Output Interval [sec]: 0.000000 

----- BODY: kv ----
Active Modules: STELLAR
Module Bit Sum: 65
Color: 000000
(Mass) Mass [kg]: 1.729560e+30 
(Radius) Radius [Rearth]: 86.359217 
(RadGyra) Radius of Gyration/Moment of Inertia Constant []: 0.319987 
(RotAngMom) Rotational Angular Momentum [kg*m^2/sec]: 1.302406e+41 
(RotVel) Rotational Velocity [m/sec]: 1335.195600 
(BodyType) Type of Body (0 == planet) []: 0.000000 
(RotRate) Rotational Frequency [/sec]: 2.424068e-06 
(RotPer) Rotational Period [sec]: 2.592000e+06 
(Density) Average Density [kg/m^3]: 2470.853292 
(HZLimitDryRunaway) Semi-major axis of Dry Runaway HZ Limit [m]: 8.584414e+10 
(HZLimRecVenus) Recent Venus HZ Limit [m]: 7.251924e+10 
(HZLimRunaway) Runaway Greenhouse HZ Limit [m]: 9.571055e+10 
(HZLimMoistGreenhouse) Moist Greenhouse HZ Limit [m]: 9.595431e+10 
(HZLimMaxGreenhouse) Maximum Greenhouse HZ Limit [m]: 1.673482e+11 
(HZLimEarlyMars) Early Mars HZ Limit [m]: 1.825716e+11 
(Instellation) Orbit-averaged INcident STELLar radiATION [kg/sec^3]: -1.000000 
(CriticalSemiMajorAxis) Holman & Wiegert (1999) P-type Critical Semi-major Axis [m]: -1.000000 
(LXUVTot) Total XUV Luminosity [kg/sec^3]: 1.537231e+23 
(LostEnergy) Body's Total Lost Energy [kg*m^2/sec^2]: 5.562685e-309 
(LostAngMom) Lost Angular Momentum due to Magnetic Braking [kg*m^2/sec]: 5.562685e-309 
----- STELLAR PARAMETERS (kv)------
(Luminosity) Luminosity [LSUN]: 0.399696 
(LXUVStellar) Base X-ray/XUV Luminosity [LSUN]: 0.000400 
(Temperature) Effective Temperature [K]: 5159.256479 
(LXUVFrac) Fraction of luminosity in XUV []: 0.001000 
(RossbyNumber) Rossby Number []: 1.384043 
(DRotPerDtStellar) Time Rate of Change of Rotation Period in STELLAR []: -5.276464e-10 
(WindTorque) Stellar Wind Torque []: 5.551645e+23 
Output Order: [year] [year] [LSUN] [LSUN] [Rearth] [K] []
Grid Output Order:

----- BODY: earth ----
Active Modules: AtmEsc RadHeat ThermInt
Module Bit Sum: 141
Color: 000000
(Mass) Mass [kg]: 5.972186e+24 
(Radius) Radius [Rearth]: 1.343412 
(RadGyra) Radius of Gyration/Moment of Inertia Constant []: 0.500000 
(BodyType) Type of Body (0 == planet) []: 0.000000 
(Density) Average Density [kg/m^3]: 2266.435850 
(SurfEnFluxTotal) Total Surface Energy Flux [kg/sec^3]: 97.467085 
(TidalQ) Tidal Q []: -1.000000 
(ImK2) Im(k_2) []: -1.000000 
(K2) k_2 []: 1.500000 
(K2Man) Real Love Number k2 Mantle [(null)]: -1.000000 
(Imk2Man) Imaginary Love Number k2 Mantle [(null)]: -1.000000 
(TidalQMantle) Mantle's Tidal Q []: -1.000000 
(ViscUMan) Upper Mantle Viscosity [m^2/sec]: 9.025442e+07 
(HZLimitDryRunaway) Semi-major axis of Dry Runaway HZ Limit [m]: 8.584414e+10 
(HZLimRecVenus) Recent Venus HZ Limit [m]: 7.251924e+10 
(HZLimRunaway) Runaway Greenhouse HZ Limit [m]: 9.571055e+10 
(HZLimMoistGreenhouse) Moist Greenhouse HZ Limit [m]: 9.595431e+10 
(HZLimMaxGreenhouse) Maximum Greenhouse HZ Limit [m]: 1.673482e+11 
(HZLimEarlyMars) Early Mars HZ Limit [m]: 1.825716e+11 
(Instellation) Orbit-averaged INcident STELLar radiATION [kg/sec^3]: 630.636622 
(MeanMotion) Orbital Mean Motion [/sec]: 2.067084e-07 
(OrbPeriod) Orbital Period [sec]: 3.039637e+07 
(SemiMajorAxis) Semi-major Axis [m]: 1.392756e+11 
(LXUVTot) Total XUV Luminosity [kg/sec^3]: -1.000000 
----- RADHEAT PARAMETERS (earth)------
(26AlPowerMan) Total Power Generated by 26Al [kg*m^2/sec^3]: -0.000000 
(26AlPowerCore) Core Power Generated by 26Al [kg*m^2/sec^3]: -0.000000 
(26AlEnFlux) Surface Energy Flux from 26Al [kg/sec^3]: -0.000000 
(D26AlPowerDt) Time Rate of Change of 26Al Power Generation [(null)]: -1.000000 
(D26AlNumManDt) Time Rate of Change of 26Al Heat Generation [/sec]: 0.000000 
(26AlMassMan) Mass of Mantle in 26Al [kg]: 0.000000 
(26AlMassCore) Mass of core in 26Al [kg]: 0.000000 
(26AlNumMan) Total Number of 26Al Atoms [(null)]: 0.000000 
(26AlNumCore) Total Core Number of 26Al Atoms [(null)]: 0.000000 
(26AlTimescale) Timescale for 26Al Power Generation [(null)]: -1.000000 
(26AlPowerTotal) Total Power from Decay of 26Al Atoms [kg*m^2/sec^3]: -0.000000 
(40KPowerMan) Total Power Generated by 40K [kg*m^2/sec^3]: 3.615782e+13 
(40KPowerCore) Core Power Generated by 40K [kg*m^2/sec^3]: 3.385734e+13 
(40KEnFlux) Surface Energy Flux from 40K [kg/sec^3]: 0.090940 
(D40KPowerDt) Time Rate of Change of 40K Power Generation [(null)]: -1.000000 
(D40KNumManDt) Time Rate of Change of 40K Heat Generation [/sec]: -1.694597e+26 
(40KMassMan) Total Mass of 40K [kg]: 6.451095e+17 
(40KMassCore) Total Core Mass of 40K [kg]: 6.040654e+17 
(40KNumMan) Total Number of 40K Atoms [(null)]: 9.721100e+42 
(40KNumCore) Total Core Number of 40K Atoms [(null)]: 9.102610e+42 
(40KTimescale) Timescale for 40K Power Generation [(null)]: -1.000000 
(40KPowerCrust) Crust Power Generated by 40K [kg*m^2/sec^3]: 1.388593e+13 
(40KMassCrust) Total Crust Mass of 40K [kg]: 2.477458e+17 
(40KNumCrust) Total Crust Number of 40K Atoms [(null)]: 3.733260e+42 
(40KPowerTotal) Total Power from Decay of 40K Atoms [kg*m^2/sec^3]: 8.390109e+13 
(232ThPowerMan) Total Power Generated by 232Th [kg*m^2/sec^3]: 6.515745e+12 
(232ThPowerCore) Total Power Generated by 232Th [kg*m^2/sec^3]: 1.454097e+11 
(232ThEnFlux) Surface Energy Flux from 232Th [kg/sec^3]: 0.011371 
(D232ThNumManDt) Time Rate of Change of the number of 232Th nuclei [/sec]: -9.534855e+23 
(232ThMassMan) Total Mass of 232Th [kg]: 2.342181e+17 
(232ThMassCore) Total Mass of 232Th [kg]: 5.226968e+15 
(232ThNumMan) Total Number of 232Th Atoms [(null)]: 6.078730e+41 
(232ThNumCore) Total Number of 232Th Atoms [(null)]: 1.356570e+40 
(232ThTimescale) Timescale for 232Th Power Generation [(null)]: -1.000000 
(232ThPowerCrust) Total Power Generated by 232Th [kg*m^2/sec^3]: 3.829915e+12 
(232ThMassCrust) Total Mass of 232Th [kg]: 1.376720e+17 
(232ThNumCrust) Total Number of 232Th Atoms [(null)]: 3.573040e+41 
(232ThPowerTotal) Total Power from Decay of 232Th Atoms [kg*m^2/sec^3]: 1.049107e+13 
(238UPowerMan) Total Power Generated by 238U [kg*m^2/sec^3]: 1.166904e+13 
(238UPowerCore) Total Core Power Generated by 238U [kg*m^2/sec^3]: 1.203807e+11 
(238UEnFlux) Surface Energy Flux due to 238U [kg/sec^3]: 0.018374 
(D238UNumManDt) Time Rate of Change of the Number of 238U Nuclei [/sec]: -1.408805e+24 
(238UMassMan) Total Mass of 238U [kg]: 1.133814e+17 
(238UMassCore) Total Core Mass of 238U [kg]: 1.169671e+15 
(238UNumMan) Total Number of 238U Atoms [(null)]: 2.868290e+41 
(238UNumCore) Total Core Number of 238U Atoms [(null)]: 2.959000e+39 
(238UTimescale) Timescale for 238U Power Generation [(null)]: -1.000000 
(238UPowerCrust) Total Crust Power Generated by 238U [kg*m^2/sec^3]: 5.162377e+12 
(238UMassCrust) Total Crust Mass of 238U [kg]: 5.015986e+16 
(238UNumCrust) Total Crust Number of 238U Atoms [(null)]: 1.268930e+41 
(238UPowerTotal) Total Power from Decay of 238U Atoms [kg*m^2/sec^3]: 1.695180e+13 
(235UPowerMan) Total Power Generated by 235U [kg*m^2/sec^3]: 2.024897e+13 
(235UPowerCore) Total Core Power Generated by 235U [kg*m^2/sec^3]: 5.015863e+11 
(235UEnFlux) Surface Energy Flux due to 235U [kg/sec^3]: 0.033753 
(D235UNumManDt) Time Rate of Change of the Number of 235U Nuclei [/sec]: -3.089012e+24 
(235UMassMan) Total Mass of 235U [kg]: 3.862651e+16 
(235UMassCore) Total Core Mass of 235U [kg]: 9.568156e+14 
(235UNumMan) Total Number of 235U Atoms [(null)]: 9.896630e+40 
(235UNumCore) Total Core Number of 235U Atoms [(null)]: 2.451490e+39 
(235UTimescale) Timescale for 235U Power Generation [(null)]: -1.000000 
(235UPowerCrust) Total Crust Power Generated by 235U [kg*m^2/sec^3]: 1.038960e+13 
(235UMassCrust) Total Crust Mass of 235U [kg]: 1.981898e+16 
(235UNumCrust) Total Crust Number of 235U Atoms [(null)]: 5.077890e+40 
(235UPowerTotal) Total Power from Decay of 235U Atoms [kg*m^2/sec^3]: 3.114015e+13 
(RadPowerMan) Total Power Generated by Radiogenic Nuclides in the mantle [kg*m^2/sec^3]: 7.459157e+13 
(RadPowerCore) Total Power Generated by Radiogenic Nuclides in Core [kg*m^2/sec^3]: 3.462471e+13 
(RadPowerCrust) Total Power Generated by Radiogenic Nuclides in the crust [kg*m^2/sec^3]: 3.326783e+13 
(RadPowerTotal) Total Power Generated by Radiogenic Nuclides in Total (M+C) [kg*m^2/sec^3]: 1.424841e+14 
(SurfEnFluxRadTotal) Total Surface Heat Flux Generated by Radiogenic Nuclides [kg/sec^3]: 0.154439 
----- THERMINT PARAMETERS (earth)------
(TMan) Mantle Temperature [(null)]: 3000.000000 
(TUMan) Upper Mantle Temperature [(null)]: 2100.000000 
(TLMan) Lower Mantle Temperature [K]: 3900.000000 
(TCore) Core Temperature [K]: 6000.000000 
(TCMB) CMB Temperature [K]: 4800.000000 
(BLUMan) Boundary Layer Thickness Upper Mantle [(null)]: 42.882310 
(BLLMan) Boundary Layer Thickness Lower Mantle [(null)]: 1.938957e+04 
(TJumpUMan) Upper Mantle Temperature Jump [(null)]: 1800.000000 
(TJumpLMan) Lower Mantle Temperature Jump [(null)]: 900.000000 
(SignTJumpUMan) Sign of Upper Mantle Temperature Jump [(null)]: 1.000000 
(SignTJumpLMan) Sign of Lower Mantle Temperature Jump [(null)]: 1.000000 
(ViscLMan) Lower Mantle Viscosity [m^2/sec]: 4.171658e+15 
(ShmodUMan) Shear Modulus Upper Mantle [(null)]: 4897.808734 
(FMeltUMan) Melt Fraction Upper Mantle [(null)]: 1.000000 
(FMeltLMan) Melt Fraction Lower Mantle [(null)]: 0.000000 
(MeltfactorUMan) Melt Factor Upper Mantle [(null)]: 1.925879e+07 
(MeltfactorLMan) Melt Factor Lower Mantle [(null)]: 1.000000 
(DepthMeltMan) Depth to base of Upper Mantle Melt Region [(null)]: 1.503842e+06 
(TDepthMeltMan) Temp at base of Upper Mantle Melt Region [(null)]: 2851.899507 
(TJumpMeltMan) Temp Jump across Upper Mantle Melt Region [(null)]: 1799.978559 
(MeltMassFluxMan) Mantle Melt Mass Flux [(null)]: 4.581035e+10 
(ViscUManArr) Upper Mantle Arrhenius Viscosity [m^2/sec]: 1.738191e+15 
(RayleighMan) Mantle Rayleigh Number [(null)]: 3.030360e+16 
(ViscMMan) Average (mid) Mantle Viscosity [m^2/sec]: 9.025442e+08 
(TDotMan) Change in Mantle Temperature [(null)]: -1.374774e-11 
(TDotCore) Change in Core Temperature [(null)]: -2.210640e-14 
(HfluxUMan) Heat Flux Upper Mantle [(null)]: 176.296472 
(HflowUMan) Heat Flow Upper Mantle [(null)]: 8.992257e+16 
(HfluxLMan) Heat Flux Lower Mantle [(null)]: 0.464167 
(HflowLMan) Heat Flow Lower Mantle [(null)]: 7.067929e+13 
(HfluxCMB) Heat Flux Core-Mantle Boundary [(null)]: 0.464167 
(HflowCMB) Heat Flow Core-Mantle Boundary [(null)]: 7.067929e+13 
(HflowLatentMan) Latent Heat Flow Mantle [(null)]: 2.004185e+16 
(HflowMeltMan) Melt Heat Flow Mantle [(null)]: 0.000000 
(HflowLatentIC) Latent Heat Release at ICB [(null)]: 0.000000 
(PowerGravIC) Gravitational Power Release at ICB [(null)]: 0.000000 
(HflowSurf) Heat Flow Surface Total [(null)]: 8.992257e+16 
(HflowSecMan) Mantle Secular Heat Flow [(null)]: 6.973544e+16 
(HfluxCMBAd) Adiabatic Heat Flux Core-Mantle Boundary [(null)]: 0.049882 
(HfluxCMBConv) Super-Adiabatic (convective) Heat Flux Core-Mantle Boundary [(null)]: 0.414285 
(RIC) Inner Core Radius [(null)]: 0.000000 
(DRICDTCMB) d(R_ic)/d(T_cmb) [(null)]: 0.000000 
(RICDot) Inner Core growth rate [(null)]: 0.000000 
(ChiOC) Light Element Concentration in Outer Core [(null)]: 0.094946 
(ChiIC) Light Element Concentration in Inner Core [(null)]: 0.000000 
(ThermConductOC) Thermal Conductivity of the Outer Core [(null)]: 120.000000 
(MassOC) Mass of Outer Core [(null)]: 1.941615e+24 
(MassIC) Mass of Inner Core [(null)]: 0.000000 
(MassChiOC) Mass of Chi in Outer Core [(null)]: 1.843482e+23 
(MassChiIC) Mass of Chi in Inner Core [(null)]: 0.000000 
(DTChi) Core Liquidus Depression [(null)]: 0.000000 
(CoreBuoyTherm) Core Thermal Buoyancy Flux [(null)]: 4.757325e-12 
(CoreBuoyCompo) Core Compositional Buoyancy Flux [(null)]: 0.000000 
(CoreBuoyTotal) Core Total Buoyancy Flux [(null)]: 4.757325e-12 
(GravICB) ICB Gravity [(null)]: 0.000000 
(MagMom) Core Magnetic Moment [EMAGMOM]: 1.730934 
(PresSWind) Stellar wind pressure at body [(null)]: 2.676100e-09 
(MagPauseRad) Magnetopause Radius [(null)]: 6.963750e+07 
(ViscJumpMan) Mantle Viscosity Ratio [(null)]: 2.400000 
(EruptEff) Mantle Melt Eruption Efficiency [(null)]: 0.000000 
(TrefLind) Core Liquidus Lindeman Reference [(null)]: 5451.600000 
(DynViscUMan) Upper Mantle's Dynamic Viscosity [kg*m^2/sec^2]: 2.256360e+09 
(TsolUMan) Upper Mantle Thermal Boundary Layer Solidus Temperature [(null)]: 1449.508474 
----- ATMESC PARAMETERS (earth)------
(SurfWaterMass) Surface water mass [TO]: 0.000000 
(EnvelopeMass) Envelope mass [kg]: 5.150000e+20 
(OxygenMass) Oxygen mass in the atmosphere [kg]: 0.000000 
(RGLimit) Runaway greenhouse semi-major axis [m]: 9.312500e+10 
(XO) Atomic oxygen mixing ratio in upper atmosphere []: 0.000000 
(EtaO) Oxygen eta parameter (Luger and Barnes 2015) []: 0.000000 
(PlanetRadius) Planet radius [m]: 8.568414e+06 
(OxygenMantleMass) Mass of oxygen in mantle [kg]: 0.000000 
(RadXUV) XUV radius separating hydro. dyn. escape and equilibrium [m]: -1.000000 
(RadSolid) Radius to the solid surface [m]: -1.000000 
(PresXUV) Pressure at base of thermosphere [(null)]: 5.000000 
(ScaleHeight) Scale height in Lehmer & Catling (2016) model [m]: -1.000000 
(ThermTemp) Isothermal atmospheric temperature [K]: 400.000000 
(AtmGasConst) Atmospheric gas constant [(null)]: 4124.000000 
(PresSurf) Surface pressure due to atmosphere [Pa]: -1.000000 
(DEnvMassDt) Envelope Mass Loss Rate [Mearth/Myr]: -7.061087e-08 
(FXUV) XUV flux [W/m^2]: 0.630637 
(AtmXAbsEffH2O) XUV atmospheric escape efficiency for H2O []: 0.300000 
(RocheRadius) Roche Lobe Radius [m]: 1.459600e+09 
(BondiRadius) Bondi Radius [m]: 1.560016e+07 
(HEscapeRegime) Integer flag for H envelope escape regime []: 3.000000 
(RRCriticalFlux) Critical XUV Flux that separates RR and energy-limited escape [W/m^2]: 48.967834 
(CrossoverMass) Crossover mass, defines oxygen is escaping if mc > mo [kg]: 0.000000 
(WaterEscapeRegime) What water escape regime the code is currently in []: 8.000000 
(FXUVCRITDRAG) Critical Drag XUV flux [W/m^2]: 0.109861 
(HREFFLUX) The Hydrogen Reference Flux (m^-2 s^-1) [m^-2 s^-1]: 2.616751e+16 
(XO2) Molecular oxygen mixing ratio in atmosphere []: 0.000000 
(XH2O) Water mixing ratio in upper atmosphere []: 0.000000 
(HDiffFlux) The Hydrogen Diffusion Flux (m^-2 s^-1) [m^-2 s^-1]: 1.051285e+17 
(HRefODragMod) Multiply by H ref flux to get flux with drag []: 1.000000 
(KTide) Mass loss enhancement due to stellar gravity []: 0.991195 
(RGDuration) Runaway Greenhouse Duration [years]: 5.00000e+07
Output Order: [year] [EMAGMOM] [EMAGMOM] [EMAGMOM] [EMAGMOM] [EMAGMOM] [K] [K] [K] [kg] [Mearth/Myr] [TO] [Rearth]
Grid Output Order:



---- FINAL SYSTEM PROPERTIES ----
(Age) System Age [sec]: 2.540387e+17 
(Time) Simulation Time [sec]: 2.524608e+17 
(TotAngMom) Total Angular Momentum [kg*m^2/sec]: 1.541910e+41 
(TotEnergy) Total System Energy [kg*m^2/sec^2]: -2.174763e+41 
(PotEnergy) Body's non-orbital Potential Energy [kg*m^2/sec^2]: -2.008045e+41 
(KinEnergy) Body's non-orbital Kinetic Energy [kg*m^2/sec^2]: 6.549426e+34 
(DeltaTime) Average Timestep Over Last Output Interval [sec]: 1.577880e+12 

----- BODY: kv ----
Active Modules: STELLAR
Module Bit Sum: 65
Color: 000000
(Mass) Mass [kg]: 1.729560e+30 
(Radius) Radius [Rearth]: 93.532406 
(RadGyra) Radius of Gyration/Moment of Inertia Constant []: 0.298723 
(RotAngMom) Rotational Angular Momentum [kg*m^2/sec]: 8.482175e+40 
(RotVel) Rotational Velocity [m/sec]: 921.254089 
(BodyType) Type of Body (0 == planet) []: 0.000000 
(RotRate) Rotational Frequency [/sec]: 1.544280e-06 
(RotPer) Rotational Period [sec]: 4.068683e+06 
(Density) Average Density [kg/m^3]: 1944.852774 
(HZLimitDryRunaway) Semi-major axis of Dry Runaway HZ Limit [m]: 9.789734e+10 
(HZLimRecVenus) Recent Venus HZ Limit [m]: 8.227345e+10 
(HZLimRunaway) Runaway Greenhouse HZ Limit [m]: 1.083794e+11 
(HZLimMoistGreenhouse) Moist Greenhouse HZ Limit [m]: 1.088606e+11 
(HZLimMaxGreenhouse) Maximum Greenhouse HZ Limit [m]: 1.886839e+11 
(HZLimEarlyMars) Early Mars HZ Limit [m]: 2.058528e+11 
(Instellation) Orbit-averaged INcident STELLar radiATION [kg/sec^3]: -1.000000 
(CriticalSemiMajorAxis) Holman & Wiegert (1999) P-type Critical Semi-major Axis [m]: -1.000000 
(LXUVTot) Total XUV Luminosity [kg/sec^3]: 1.537202e+22 
(LostEnergy) Body's Total Lost Energy [kg*m^2/sec^2]: -1.667188e+40 
(LostAngMom) Lost Angular Momentum due to Magnetic Braking [kg*m^2/sec]: 4.542489e+40 
----- STELLAR PARAMETERS (kv)------
(Luminosity) Luminosity [LSUN]: 0.519817 
(LXUVStellar) Base X-ray/XUV Luminosity [LSUN]: 3.996884e-05 
(Temperature) Effective Temperature [K]: 5290.279072 
(LXUVFrac) Fraction of luminosity in XUV []: 7.689021e-05 
(RossbyNumber) Rossby Number []: 2.365684 
(DRotPerDtStellar) Time Rate of Change of Rotation Period in STELLAR []: 3.969370e-12 
(WindTorque) Stellar Wind Torque []: 8.915496e+22 
Output Order: [year] [year] [LSUN] [LSUN] [Rearth] [K] []
Grid Output Order:

----- BODY: earth ----
Active Modules: AtmEsc RadHeat ThermInt
Module Bit Sum: 141
Color: 000000
(Mass) Mass [kg]: 5.971671e+24 
(Radius) Radius [Rearth]: 0.999977 
(RadGyra) Radius of Gyration/Moment of Inertia Constant []: 0.500000 
(BodyType) Type of Body (0 == planet) []: 0.000000 
(Density) Average Density [kg/m^3]: 5494.951357 
(SurfEnFluxTotal) Total Surface Energy Flux [kg/sec^3]: 0.043856 
(TidalQ) Tidal Q []: -1.000000 
(ImK2) Im(k_2) []: -1.000000 
(K2) k_2 []: 0.290861 
(K2Man) Real Love Number k2 Mantle [(null)]: -1.000000 
(Imk2Man) Imaginary Love Number k2 Mantle [(null)]: -1.000000 
(TidalQMantle) Mantle's Tidal Q []: -1.000000 
(ViscUMan) Upper Mantle Viscosity [m^2/sec]: 1.228134e+18 
(HZLimitDryRunaway) Semi-major axis of Dry Runaway HZ Limit [m]: 9.789734e+10 
(HZLimRecVenus) Recent Venus HZ Limit [m]: 8.227345e+10 
(HZLimRunaway) Runaway Greenhouse HZ Limit [m]: 1.083794e+11 
(HZLimMoistGreenhouse) Moist Greenhouse HZ Limit [m]: 1.088606e+11 
(HZLimMaxGreenhouse) Maximum Greenhouse HZ Limit [m]: 1.886839e+11 
(HZLimEarlyMars) Early Mars HZ Limit [m]: 2.058528e+11 
(Instellation) Orbit-averaged INcident STELLar radiATION [kg/sec^3]: 820.162108 
(MeanMotion) Orbital Mean Motion [/sec]: 2.067084e-07 
(OrbPeriod) Orbital Period [sec]: 3.039637e+07 
(SemiMajorAxis) Semi-major Axis [m]: 1.392756e+11 
(LXUVTot) Total XUV Luminosity [kg/sec^3]: -1.000000 
----- RADHEAT PARAMETERS (earth)------
(26AlPowerMan) Total Power Generated by 26Al [kg*m^2/sec^3]: -0.000000 
(26AlPowerCore) Core Power Generated by 26Al [kg*m^2/sec^3]: -0.000000 
(26AlEnFlux) Surface Energy Flux from 26Al [kg/sec^3]: -0.000000 
(D26AlPowerDt) Time Rate of Change of 26Al Power Generation [(null)]: -1.000000 
(D26AlNumManDt) Time Rate of Change of 26Al Heat Generation [/sec]: 0.000000 
(26AlMassMan) Mass of Mantle in 26Al [kg]: 0.000000 
(26AlMassCore) Mass of core in 26Al [kg]: 0.000000 
(26AlNumMan) Total Number of 26Al Atoms [(null)]: 0.000000 
(26AlNumCore) Total Core Number of 26Al Atoms [(null)]: 0.000000 
(26AlTimescale) Timescale for 26Al Power Generation [(null)]: -1.000000 
(26AlPowerTotal) Total Power from Decay of 26Al Atoms [kg*m^2/sec^3]: -0.000000 
(40KPowerMan) Total Power Generated by 40K [kg*m^2/sec^3]: 4.435072e+11 
(40KPowerCore) Core Power Generated by 40K [kg*m^2/sec^3]: 4.152897e+11 
(40KEnFlux) Surface Energy Flux from 40K [kg/sec^3]: 0.002013 
(D40KPowerDt) Time Rate of Change of 40K Power Generation [(null)]: -1.000000 
(D40KNumManDt) Time Rate of Change of 40K Heat Generation [/sec]: -2.078571e+24 
(40KMassMan) Total Mass of 40K [kg]: 7.896400e+15 
(40KMassCore) Total Core Mass of 40K [kg]: 7.394004e+15 
(40KNumMan) Total Number of 40K Atoms [(null)]: 1.189902e+41 
(40KNumCore) Total Core Number of 40K Atoms [(null)]: 1.114196e+41 
(40KTimescale) Timescale for 40K Power Generation [(null)]: -1.000000 
(40KPowerCrust) Crust Power Generated by 40K [kg*m^2/sec^3]: 1.703231e+11 
(40KMassCrust) Total Crust Mass of 40K [kg]: 3.032508e+15 
(40KNumCrust) Total Crust Number of 40K Atoms [(null)]: 4.569661e+40 
(40KPowerTotal) Total Power from Decay of 40K Atoms [kg*m^2/sec^3]: 1.029120e+12 
(232ThPowerMan) Total Power Generated by 232Th [kg*m^2/sec^3]: 4.385140e+12 
(232ThPowerCore) Total Power Generated by 232Th [kg*m^2/sec^3]: 9.786171e+10 
(232ThEnFlux) Surface Energy Flux from 232Th [kg/sec^3]: 0.013812 
(D232ThNumManDt) Time Rate of Change of the number of 232Th nuclei [/sec]: -6.417021e+23 
(232ThMassMan) Total Mass of 232Th [kg]: 1.576302e+17 
(232ThMassCore) Total Mass of 232Th [kg]: 3.517780e+15 
(232ThNumMan) Total Number of 232Th Atoms [(null)]: 4.091021e+41 
(232ThNumCore) Total Number of 232Th Atoms [(null)]: 9.129796e+39 
(232ThTimescale) Timescale for 232Th Power Generation [(null)]: -1.000000 
(232ThPowerCrust) Total Power Generated by 232Th [kg*m^2/sec^3]: 2.577558e+12 
(232ThMassCrust) Total Mass of 232Th [kg]: 9.265404e+16 
(232ThNumCrust) Total Number of 232Th Atoms [(null)]: 2.404677e+41 
(232ThPowerTotal) Total Power from Decay of 232Th Atoms [kg*m^2/sec^3]: 7.060560e+12 
(238UPowerMan) Total Power Generated by 238U [kg*m^2/sec^3]: 3.376836e+12 
(238UPowerCore) Total Core Power Generated by 238U [kg*m^2/sec^3]: 3.483629e+10 
(238UEnFlux) Surface Energy Flux due to 238U [kg/sec^3]: 0.009597 
(D238UNumManDt) Time Rate of Change of the Number of 238U Nuclei [/sec]: -4.076858e+23 
(238UMassMan) Total Mass of 238U [kg]: 3.281019e+16 
(238UMassCore) Total Core Mass of 238U [kg]: 3.384781e+14 
(238UNumMan) Total Number of 238U Atoms [(null)]: 8.300228e+40 
(238UNumCore) Total Core Number of 238U Atoms [(null)]: 8.562724e+38 
(238UTimescale) Timescale for 238U Power Generation [(null)]: -1.000000 
(238UPowerCrust) Total Crust Power Generated by 238U [kg*m^2/sec^3]: 1.493910e+12 
(238UMassCrust) Total Crust Mass of 238U [kg]: 1.451521e+16 
(238UNumCrust) Total Crust Number of 238U Atoms [(null)]: 3.672017e+40 
(238UPowerTotal) Total Power from Decay of 238U Atoms [kg*m^2/sec^3]: 4.905583e+12 
(235UPowerMan) Total Power Generated by 235U [kg*m^2/sec^3]: 7.658831e+09 
(235UPowerCore) Total Core Power Generated by 235U [kg*m^2/sec^3]: 1.897166e+08 
(235UEnFlux) Surface Energy Flux due to 235U [kg/sec^3]: 2.304137e-05 
(D235UNumManDt) Time Rate of Change of the Number of 235U Nuclei [/sec]: -1.168367e+21 
(235UMassMan) Total Mass of 235U [kg]: 1.285825e+13 
(235UMassCore) Total Core Mass of 235U [kg]: 3.185111e+11 
(235UNumMan) Total Number of 235U Atoms [(null)]: 3.294456e+37 
(235UNumCore) Total Core Number of 235U Atoms [(null)]: 8.160684e+35 
(235UTimescale) Timescale for 235U Power Generation [(null)]: -1.000000 
(235UPowerCrust) Total Crust Power Generated by 235U [kg*m^2/sec^3]: 3.929692e+09 
(235UMassCrust) Total Crust Mass of 235U [kg]: 6.597476e+12 
(235UNumCrust) Total Crust Number of 235U Atoms [(null)]: 1.690362e+37 
(235UPowerTotal) Total Power from Decay of 235U Atoms [kg*m^2/sec^3]: 1.177824e+10 
(RadPowerMan) Total Power Generated by Radiogenic Nuclides in the mantle [kg*m^2/sec^3]: 8.213142e+12 
(RadPowerCore) Total Power Generated by Radiogenic Nuclides in Core [kg*m^2/sec^3]: 5.481774e+11 
(RadPowerCrust) Total Power Generated by Radiogenic Nuclides in the crust [kg*m^2/sec^3]: 4.245721e+12 
(RadPowerTotal) Total Power Generated by Radiogenic Nuclides in Total (M+C) [kg*m^2/sec^3]: 1.300721e+13 
(SurfEnFluxRadTotal) Total Surface Heat Flux Generated by Radiogenic Nuclides [kg/sec^3]: 0.025446 
----- THERMINT PARAMETERS (earth)------
(TMan) Mantle Temperature [(null)]: 2171.043895 
(TUMan) Upper Mantle Temperature [(null)]: 1519.730726 
(TLMan) Lower Mantle Temperature [K]: 2822.357063 
(TCore) Core Temperature [K]: 4857.591937 
(TCMB) CMB Temperature [K]: 3886.073549 
(BLUMan) Boundary Layer Thickness Upper Mantle [(null)]: 1.165575e+05 
(BLLMan) Boundary Layer Thickness Lower Mantle [(null)]: 1.633390e+05 
(TJumpUMan) Upper Mantle Temperature Jump [(null)]: 1219.730726 
(TJumpLMan) Lower Mantle Temperature Jump [(null)]: 1063.716486 
(SignTJumpUMan) Sign of Upper Mantle Temperature Jump [(null)]: 1.000000 
(SignTJumpLMan) Sign of Lower Mantle Temperature Jump [(null)]: 1.000000 
(ViscLMan) Lower Mantle Viscosity [m^2/sec]: 2.947521e+18 
(ShmodUMan) Shear Modulus Upper Mantle [(null)]: 7.482779e+12 
(FMeltUMan) Melt Fraction Upper Mantle [(null)]: 0.000000 
(FMeltLMan) Melt Fraction Lower Mantle [(null)]: 0.000000 
(MeltfactorUMan) Melt Factor Upper Mantle [(null)]: 1.000000 
(MeltfactorLMan) Melt Factor Lower Mantle [(null)]: 1.000000 
(DepthMeltMan) Depth to base of Upper Mantle Melt Region [(null)]: 0.000000 
(TDepthMeltMan) Temp at base of Upper Mantle Melt Region [(null)]: 0.000000 
(TJumpMeltMan) Temp Jump across Upper Mantle Melt Region [(null)]: -300.000000 
(MeltMassFluxMan) Mantle Melt Mass Flux [(null)]: 0.000000 
(ViscUManArr) Upper Mantle Arrhenius Viscosity [m^2/sec]: 1.228134e+18 
(RayleighMan) Mantle Rayleigh Number [(null)]: 1.883407e+06 
(ViscMMan) Average (mid) Mantle Viscosity [m^2/sec]: 1.228134e+19 
(TDotMan) Change in Mantle Temperature [(null)]: -6.911322e-16 
(TDotCore) Change in Core Temperature [(null)]: -9.343674e-16 
(HfluxUMan) Heat Flux Upper Mantle [(null)]: 0.043951 
(HflowUMan) Heat Flow Upper Mantle [(null)]: 2.241807e+13 
(HfluxLMan) Heat Flux Lower Mantle [(null)]: 0.065123 
(HflowLMan) Heat Flow Lower Mantle [(null)]: 9.916398e+12 
(HfluxCMB) Heat Flux Core-Mantle Boundary [(null)]: 0.065123 
(HflowCMB) Heat Flow Core-Mantle Boundary [(null)]: 9.916398e+12 
(HflowLatentMan) Latent Heat Flow Mantle [(null)]: 7.826643e+11 
(HflowMeltMan) Melt Heat Flow Mantle [(null)]: -0.000000 
(HflowLatentIC) Latent Heat Release at ICB [(null)]: 8.754911e+12 
(PowerGravIC) Gravitational Power Release at ICB [(null)]: 3.501965e+12 
(HflowSurf) Heat Flow Surface Total [(null)]: 2.241807e+13 
(HflowSecMan) Mantle Secular Heat Flow [(null)]: 3.505770e+12 
(HfluxCMBAd) Adiabatic Heat Flux Core-Mantle Boundary [(null)]: 0.032695 
(HfluxCMBConv) Super-Adiabatic (convective) Heat Flux Core-Mantle Boundary [(null)]: 0.032428 
(RIC) Inner Core Radius [(null)]: 2.602021e+06 
(DRICDTCMB) d(R_ic)/d(T_cmb) [(null)]: -9036.115260 
(RICDot) Inner Core growth rate [(null)]: 6.754542e-12 
(ChiOC) Light Element Concentration in Outer Core [(null)]: 0.001902 
(ChiIC) Light Element Concentration in Inner Core [(null)]: 0.190218 
(ThermConductOC) Thermal Conductivity of the Outer Core [(null)]: 97.151839 
(MassOC) Mass of Outer Core [(null)]: 9.822937e+23 
(MassIC) Mass of Inner Core [(null)]: 9.593213e+23 
(MassChiOC) Mass of Chi in Outer Core [(null)]: 1.868495e+21 
(MassChiIC) Mass of Chi in Inner Core [(null)]: 1.824797e+23 
(DTChi) Core Liquidus Depression [(null)]: 0.000000 
(CoreBuoyTherm) Core Thermal Buoyancy Flux [(null)]: 3.723757e-13 
(CoreBuoyCompo) Core Compositional Buoyancy Flux [(null)]: 1.904836e-12 
(CoreBuoyTotal) Core Total Buoyancy Flux [(null)]: 2.277211e-12 
(GravICB) ICB Gravity [(null)]: 7.923418 
(MagMom) Core Magnetic Moment [EMAGMOM]: 0.855826 
(PresSWind) Stellar wind pressure at body [(null)]: 2.676100e-09 
(MagPauseRad) Magnetopause Radius [(null)]: 5.506532e+07 
(ViscJumpMan) Mantle Viscosity Ratio [(null)]: 2.400000 
(EruptEff) Mantle Melt Eruption Efficiency [(null)]: 0.000000 
(TrefLind) Core Liquidus Lindeman Reference [(null)]: 5451.600000 
(DynViscUMan) Upper Mantle's Dynamic Viscosity [kg*m^2/sec^2]: 3.070334e+19 
(TsolUMan) Upper Mantle Thermal Boundary Layer Solidus Temperature [(null)]: 1610.074120 
----- ATMESC PARAMETERS (earth)------
(SurfWaterMass) Surface water mass [TO]: 0.000000 
(EnvelopeMass) Envelope mass [kg]: 0.000000 
(OxygenMass) Oxygen mass in the atmosphere [kg]: 0.000000 
(RGLimit) Runaway greenhouse semi-major axis [m]: 1.054676e+11 
(XO) Atomic oxygen mixing ratio in upper atmosphere []: 0.000000 
(EtaO) Oxygen eta parameter (Luger and Barnes 2015) []: 0.000000 
(PlanetRadius) Planet radius [m]: 6.377950e+06 
(OxygenMantleMass) Mass of oxygen in mantle [kg]: 0.000000 
(RadXUV) XUV radius separating hydro. dyn. escape and equilibrium [m]: -1.000000 
(RadSolid) Radius to the solid surface [m]: -1.000000 
(PresXUV) Pressure at base of thermosphere [(null)]: 5.000000 
(ScaleHeight) Scale height in Lehmer & Catling (2016) model [m]: -1.000000 
(ThermTemp) Isothermal atmospheric temperature [K]: 400.000000 
(AtmGasConst) Atmospheric gas constant [(null)]: 4124.000000 
(PresSurf) Surface pressure due to atmosphere [Pa]: -1.000000 
(DEnvMassDt) Envelope Mass Loss Rate [Mearth/Myr]: 2.939197e-320 
(FXUV) XUV flux [W/m^2]: 0.063062 
(AtmXAbsEffH2O) XUV atmospheric escape efficiency for H2O []: 0.300000 
(RocheRadius) Roche Lobe Radius [m]: 1.459558e+09 
(BondiRadius) Bondi Radius [m]: 1.461751e+07 
(HEscapeRegime) Integer flag for H envelope escape regime []: 8.000000 
(RRCriticalFlux) Critical XUV Flux that separates RR and energy-limited escape [W/m^2]: 119.251556 
(CrossoverMass) Crossover mass, defines oxygen is escaping if mc > mo [kg]: 0.000000 
(WaterEscapeRegime) What water escape regime the code is currently in []: 8.000000 
(FXUVCRITDRAG) Critical Drag XUV flux [W/m^2]: 0.266334 
(HREFFLUX) The Hydrogen Reference Flux (m^-2 s^-1) [m^-2 s^-1]: 1.982310e+15 
(XO2) Molecular oxygen mixing ratio in atmosphere []: 0.000000 
(XH2O) Water mixing ratio in upper atmosphere []: 0.000000 
(HDiffFlux) The Hydrogen Diffusion Flux (m^-2 s^-1) [m^-2 s^-1]: 1.897236e+17 
(HRefODragMod) Multiply by H ref flux to get flux with drag []: 1.000000 
(KTide) Mass loss enhancement due to stellar gravity []: 0.993445 
(RGDuration) Runaway Greenhouse Duration [years]: 5.00000e+07
Output Order: [year] [EMAGMOM] [EMAGMOM] [EMAGMOM] [EMAGMOM] [EMAGMOM] [K] [K] [K] [kg] [Mearth/Myr] [TO] [Rearth]
Grid Output Order:
