-------- Log file star.log -------

Executable: (null)
Version: Unknown
System Name: star
Primary Input File: vpl.in
Body File #1: m1p1.in
Allow files to be overwitten: Yes
Mass Units: Grams
Length Units: Meters
Time Units: Seconds
Angle Units: Radians

------- FORMATTING -----
Verbosity Level: 5
Crossover Decade for Scientific Notation: 4
Number of Digits After Decimal: 6
Integration Method: Runge-Kutta4
Direction: Forward
Time Step: 3.155760e+07
Stop Time: 2.524608e+17
Output Interval: 3.155760e+12
Use Variable Timestep: Yes
dEta: 0.010000
Minimum Value of ecc and obl: 1.000000e-10


---- INITIAL SYSTEM PROPERTIES ----
(Age) System Age [sec]: 1.577880e+15 
(Time) Simulation Time [sec]: 0.000000 
(TotAngMom) Total Angular Momentum [kg*m^2/sec]: 6.116028e+42 
(TotEnergy) Total System Energy [kg*m^2/sec^2]: -2.729620e+41 
(PotEnergy) Body's non-orbital Potential Energy [kg*m^2/sec^2]: -2.731844e+41 
(KinEnergy) Body's non-orbital Kinetic Energy [kg*m^2/sec^2]: 2.223851e+38 
(DeltaTime) Average Timestep Over Last Output Interval [sec]: 0.000000 

----- BODY: star ----
Active Modules: STELLAR
Module Bit Sum: 65
Color: 000000
(Mass) Mass [kg]: 2.200000e+30 
(Radius) Radius [Rearth]: 111.238166 
(RadGyra) Radius of Gyration/Moment of Inertia Constant []: 0.275578 
(RotAngMom) Rotational Angular Momentum [kg*m^2/sec]: 6.116028e+42 
(RotVel) Rotational Velocity [m/sec]: 5.159543e+04 
(BodyType) Type of Body (0 == planet) []: 0.000000 
(RotRate) Rotational Frequency [/sec]: 7.272205e-05 
(RotPer) Rotational Period [sec]: 8.640000e+04 
(Density) Average Density [kg/m^3]: 1470.613807 
(HZLimitDryRunaway) Semi-major axis of Dry Runaway HZ Limit [m]: 1.419281e+11 
(HZLimRecVenus) Recent Venus HZ Limit [m]: 1.166310e+11 
(HZLimRunaway) Runaway Greenhouse HZ Limit [m]: 1.520813e+11 
(HZLimMoistGreenhouse) Moist Greenhouse HZ Limit [m]: 1.543208e+11 
(HZLimMaxGreenhouse) Maximum Greenhouse HZ Limit [m]: 2.607887e+11 
(HZLimEarlyMars) Early Mars HZ Limit [m]: 2.845448e+11 
(Instellation) Orbit-averaged INcident STELLar radiATION [kg/sec^3]: -1.000000 
(CriticalSemiMajorAxis) Holman & Wiegert (1999) P-type Critical Semi-major Axis [m]: -1.000000 
(LXUVTot) Total XUV Luminosity [kg/sec^3]: 4.575861e+21 
(LostEnergy) Body's Total Lost Energy [kg*m^2/sec^2]: 5.562685e-309 
(LostAngMom) Lost Angular Momentum due to Magnetic Braking [kg*m^2/sec]: 5.562685e-309 
----- STELLAR PARAMETERS (star)------
(Luminosity) Luminosity [LSUN]: 1.092560 
(LXUVStellar) Base X-ray/XUV Luminosity [LSUN]: 1.189771e-05 
(Temperature) Effective Temperature [K]: 5847.534215 
(LXUVFrac) Fraction of luminosity in XUV []: 1.088976e-05 
(RossbyNumber) Rossby Number []: 0.085978 
(DRotPerDtStellar) Time Rate of Change of Rotation Period in STELLAR []: 1.181281e-10 
(WindTorque) Stellar Wind Torque []: 8.510880e+27 
Output Order: [year] [year] [LSUN] [LSUN] [Rearth] [K] []
Grid Output Order:



---- FINAL SYSTEM PROPERTIES ----
(Age) System Age [sec]: 2.540387e+17 
(Time) Simulation Time [sec]: 2.524608e+17 
(TotAngMom) Total Angular Momentum [kg*m^2/sec]: 6.116914e+42 
(TotEnergy) Total System Energy [kg*m^2/sec^2]: -2.726041e+41 
(PotEnergy) Body's non-orbital Potential Energy [kg*m^2/sec^2]: -2.214493e+41 
(KinEnergy) Body's non-orbital Kinetic Energy [kg*m^2/sec^2]: 5.475295e+34 
(DeltaTime) Average Timestep Over Last Output Interval [sec]: 3.155760e+12 

----- BODY: star ----
Active Modules: STELLAR
Module Bit Sum: 65
Color: 000000
(Mass) Mass [kg]: 2.200000e+30 
(Radius) Radius [Rearth]: 137.225697 
(RadGyra) Radius of Gyration/Moment of Inertia Constant []: 0.229008 
(RotAngMom) Rotational Angular Momentum [kg*m^2/sec]: 9.838024e+40 
(RotVel) Rotational Velocity [m/sec]: 974.218558 
(BodyType) Type of Body (0 == planet) []: 0.000000 
(RotRate) Rotational Frequency [/sec]: 1.113088e-06 
(RotPer) Rotational Period [sec]: 5.644822e+06 
(Density) Average Density [kg/m^3]: 783.346233 
(HZLimitDryRunaway) Semi-major axis of Dry Runaway HZ Limit [m]: 1.838481e+11 
(HZLimRecVenus) Recent Venus HZ Limit [m]: 1.501895e+11 
(HZLimRunaway) Runaway Greenhouse HZ Limit [m]: 1.952259e+11 
(HZLimMoistGreenhouse) Moist Greenhouse HZ Limit [m]: 1.987238e+11 
(HZLimMaxGreenhouse) Maximum Greenhouse HZ Limit [m]: 3.337109e+11 
(HZLimEarlyMars) Early Mars HZ Limit [m]: 3.641185e+11 
(Instellation) Orbit-averaged INcident STELLar radiATION [kg/sec^3]: -1.000000 
(CriticalSemiMajorAxis) Holman & Wiegert (1999) P-type Critical Semi-major Axis [m]: -1.000000 
(LXUVTot) Total XUV Luminosity [kg/sec^3]: 1.408608e+19 
(LostEnergy) Body's Total Lost Energy [kg*m^2/sec^2]: -5.115485e+40 
(LostAngMom) Lost Angular Momentum due to Magnetic Braking [kg*m^2/sec]: 6.018534e+42 
----- STELLAR PARAMETERS (star)------
(Luminosity) Luminosity [LSUN]: 1.833272 
(LXUVStellar) Base X-ray/XUV Luminosity [LSUN]: 3.662529e-08 
(Temperature) Effective Temperature [K]: 5996.256227 
(LXUVFrac) Fraction of luminosity in XUV []: 1.997809e-08 
(RossbyNumber) Rossby Number []: 7.202584 
(DRotPerDtStellar) Time Rate of Change of Rotation Period in STELLAR []: 6.547956e-12 
(WindTorque) Stellar Wind Torque []: 1.141204e+23 
Output Order: [year] [year] [LSUN] [LSUN] [Rearth] [K] []
Grid Output Order:
