-------- Log file star.log -------

Executable: (null)
Version: Unknown
System Name: star
Primary Input File: vpl.in
Body File #1: m0p3.in
Allow files to be overwitten: Yes
Mass Units: Grams
Length Units: Meters
Time Units: Seconds
Angle Units: Radians

------- FORMATTING -----
Verbosity Level: 5
Crossover Decade for Scientific Notation: 4
Number of Digits After Decimal: 6
Integration Method: Runge-Kutta4
Direction: Forward
Time Step: 3.155760e+07
Stop Time: 2.524608e+17
Output Interval: 3.155760e+12
Use Variable Timestep: Yes
dEta: 0.010000
Minimum Value of ecc and obl: 1.000000e-10


---- INITIAL SYSTEM PROPERTIES ----
(Age) System Age [sec]: 1.577880e+15 
(Time) Simulation Time [sec]: 0.000000 
(TotAngMom) Total Angular Momentum [kg*m^2/sec]: 7.569242e+41 
(TotEnergy) Total System Energy [kg*m^2/sec^2]: -5.005644e+40 
(PotEnergy) Body's non-orbital Potential Energy [kg*m^2/sec^2]: -5.008396e+40 
(KinEnergy) Body's non-orbital Kinetic Energy [kg*m^2/sec^2]: 2.752254e+37 
(DeltaTime) Average Timestep Over Last Output Interval [sec]: 0.000000 

----- BODY: star ----
Active Modules: STELLAR
Module Bit Sum: 65
Color: 000000
(Mass) Mass [kg]: 6.000000e+29 
(Radius) Radius [Rearth]: 45.130293 
(RadGyra) Radius of Gyration/Moment of Inertia Constant []: 0.457571 
(RotAngMom) Rotational Angular Momentum [kg*m^2/sec]: 7.569242e+41 
(RotVel) Rotational Velocity [m/sec]: 2.093272e+04 
(BodyType) Type of Body (0 == planet) []: 0.000000 
(RotRate) Rotational Frequency [/sec]: 7.272205e-05 
(RotPer) Rotational Period [sec]: 8.640000e+04 
(Density) Average Density [kg/m^3]: 6005.984574 
(HZLimitDryRunaway) Semi-major axis of Dry Runaway HZ Limit [m]: 1.958805e+10 
(HZLimRecVenus) Recent Venus HZ Limit [m]: 1.747781e+10 
(HZLimRunaway) Runaway Greenhouse HZ Limit [m]: 2.309216e+10 
(HZLimMoistGreenhouse) Moist Greenhouse HZ Limit [m]: 2.312599e+10 
(HZLimMaxGreenhouse) Maximum Greenhouse HZ Limit [m]: 4.361532e+10 
(HZLimEarlyMars) Early Mars HZ Limit [m]: 4.756806e+10 
(Instellation) Orbit-averaged INcident STELLar radiATION [kg/sec^3]: -1.000000 
(CriticalSemiMajorAxis) Holman & Wiegert (1999) P-type Critical Semi-major Axis [m]: -1.000000 
(LXUVTot) Total XUV Luminosity [kg/sec^3]: 1.937739e+22 
(LostEnergy) Body's Total Lost Energy [kg*m^2/sec^2]: 5.562685e-309 
(LostAngMom) Lost Angular Momentum due to Magnetic Braking [kg*m^2/sec]: 5.562685e-309 
----- STELLAR PARAMETERS (star)------
(Luminosity) Luminosity [LSUN]: 0.020811 
(LXUVStellar) Base X-ray/XUV Luminosity [LSUN]: 5.038324e-05 
(Temperature) Effective Temperature [K]: 3409.491576 
(LXUVFrac) Fraction of luminosity in XUV []: 0.002421 
(RossbyNumber) Rossby Number []: 0.018243 
(DRotPerDtStellar) Time Rate of Change of Rotation Period in STELLAR []: -2.239346e-11 
(WindTorque) Stellar Wind Torque []: 1.646766e+26 
Output Order: [year] [year] [LSUN] [LSUN] [Rearth] [K] []
Grid Output Order:



---- FINAL SYSTEM PROPERTIES ----
(Age) System Age [sec]: 2.540387e+17 
(Time) Simulation Time [sec]: 2.524608e+17 
(TotAngMom) Total Angular Momentum [kg*m^2/sec]: 7.569984e+41 
(TotEnergy) Total System Energy [kg*m^2/sec^2]: -5.005302e+40 
(PotEnergy) Body's non-orbital Potential Energy [kg*m^2/sec^2]: -6.807101e+40 
(KinEnergy) Body's non-orbital Kinetic Energy [kg*m^2/sec^2]: 1.155100e+33 
(DeltaTime) Average Timestep Over Last Output Interval [sec]: 3.155760e+12 

----- BODY: star ----
Active Modules: STELLAR
Module Bit Sum: 65
Color: 000000
(Mass) Mass [kg]: 6.000000e+29 
(Radius) Radius [Rearth]: 33.205087 
(RadGyra) Radius of Gyration/Moment of Inertia Constant []: 0.457803 
(RotAngMom) Rotational Angular Momentum [kg*m^2/sec]: 3.609736e+39 
(RotVel) Rotational Velocity [m/sec]: 135.540813 
(BodyType) Type of Body (0 == planet) []: 0.000000 
(RotRate) Rotational Frequency [/sec]: 6.399914e-07 
(RotPer) Rotational Period [sec]: 9.817609e+06 
(Density) Average Density [kg/m^3]: 1.507908e+04 
(HZLimitDryRunaway) Semi-major axis of Dry Runaway HZ Limit [m]: 1.447151e+10 
(HZLimRecVenus) Recent Venus HZ Limit [m]: 1.291006e+10 
(HZLimRunaway) Runaway Greenhouse HZ Limit [m]: 1.705846e+10 
(HZLimMoistGreenhouse) Moist Greenhouse HZ Limit [m]: 1.708212e+10 
(HZLimMaxGreenhouse) Maximum Greenhouse HZ Limit [m]: 3.220563e+10 
(HZLimEarlyMars) Early Mars HZ Limit [m]: 3.512437e+10 
(Instellation) Orbit-averaged INcident STELLar radiATION [kg/sec^3]: -1.000000 
(CriticalSemiMajorAxis) Holman & Wiegert (1999) P-type Critical Semi-major Axis [m]: -1.000000 
(LXUVTot) Total XUV Luminosity [kg/sec^3]: 3.896113e+20 
(LostEnergy) Body's Total Lost Energy [kg*m^2/sec^2]: 1.801799e+40 
(LostAngMom) Lost Angular Momentum due to Magnetic Braking [kg*m^2/sec]: 7.533887e+41 
----- STELLAR PARAMETERS (star)------
(Luminosity) Luminosity [LSUN]: 0.011359 
(LXUVStellar) Base X-ray/XUV Luminosity [LSUN]: 1.013030e-06 
(Temperature) Effective Temperature [K]: 3418.249598 
(LXUVFrac) Fraction of luminosity in XUV []: 8.918373e-05 
(RossbyNumber) Rossby Number []: 2.082303 
(DRotPerDtStellar) Time Rate of Change of Rotation Period in STELLAR []: 1.224120e-11 
(WindTorque) Stellar Wind Torque []: 4.313324e+21 
Output Order: [year] [year] [LSUN] [LSUN] [Rearth] [K] []
Grid Output Order:
