-------- Log file star.log -------

Executable: (null)
Version: Unknown
System Name: star
Primary Input File: vpl.in
Body File #1: m0p6.in
Allow files to be overwitten: Yes
Mass Units: Grams
Length Units: Meters
Time Units: Seconds
Angle Units: Radians

------- FORMATTING -----
Verbosity Level: 5
Crossover Decade for Scientific Notation: 4
Number of Digits After Decimal: 6
Integration Method: Runge-Kutta4
Direction: Forward
Time Step: 3.155760e+07
Stop Time: 2.524608e+17
Output Interval: 3.155760e+12
Use Variable Timestep: Yes
dEta: 0.010000
Minimum Value of ecc and obl: 1.000000e-10


---- INITIAL SYSTEM PROPERTIES ----
(Age) System Age [sec]: 1.577880e+15 
(Time) Simulation Time [sec]: 0.000000 
(TotAngMom) Total Angular Momentum [kg*m^2/sec]: 2.862306e+42 
(TotEnergy) Total System Energy [kg*m^2/sec^2]: -1.326271e+41 
(PotEnergy) Body's non-orbital Potential Energy [kg*m^2/sec^2]: -1.327312e+41 
(KinEnergy) Body's non-orbital Kinetic Energy [kg*m^2/sec^2]: 1.040764e+38 
(DeltaTime) Average Timestep Over Last Output Interval [sec]: 0.000000 

----- BODY: star ----
Active Modules: STELLAR
Module Bit Sum: 65
Color: 000000
(Mass) Mass [kg]: 1.200000e+30 
(Radius) Radius [Rearth]: 68.116758 
(RadGyra) Radius of Gyration/Moment of Inertia Constant []: 0.416859 
(RotAngMom) Rotational Angular Momentum [kg*m^2/sec]: 2.862306e+42 
(RotVel) Rotational Velocity [m/sec]: 3.159450e+04 
(BodyType) Type of Body (0 == planet) []: 0.000000 
(RotRate) Rotational Frequency [/sec]: 7.272205e-05 
(RotPer) Rotational Period [sec]: 8.640000e+04 
(Density) Average Density [kg/m^3]: 3493.467894 
(HZLimitDryRunaway) Semi-major axis of Dry Runaway HZ Limit [m]: 3.730523e+10 
(HZLimRecVenus) Recent Venus HZ Limit [m]: 3.295516e+10 
(HZLimRunaway) Runaway Greenhouse HZ Limit [m]: 4.368509e+10 
(HZLimMoistGreenhouse) Moist Greenhouse HZ Limit [m]: 4.360499e+10 
(HZLimMaxGreenhouse) Maximum Greenhouse HZ Limit [m]: 8.084818e+10 
(HZLimEarlyMars) Early Mars HZ Limit [m]: 8.818065e+10 
(Instellation) Orbit-averaged INcident STELLar radiATION [kg/sec^3]: -1.000000 
(CriticalSemiMajorAxis) Holman & Wiegert (1999) P-type Critical Semi-major Axis [m]: -1.000000 
(LXUVTot) Total XUV Luminosity [kg/sec^3]: 5.260362e+22 
(LostEnergy) Body's Total Lost Energy [kg*m^2/sec^2]: 5.562685e-309 
(LostAngMom) Lost Angular Momentum due to Magnetic Braking [kg*m^2/sec]: 5.562685e-309 
----- STELLAR PARAMETERS (star)------
(Luminosity) Luminosity [LSUN]: 0.075483 
(LXUVStellar) Base X-ray/XUV Luminosity [LSUN]: 0.000137 
(Temperature) Effective Temperature [K]: 3830.052283 
(LXUVFrac) Fraction of luminosity in XUV []: 0.001812 
(RossbyNumber) Rossby Number []: 0.022631 
(DRotPerDtStellar) Time Rate of Change of Rotation Period in STELLAR []: -9.350594e-12 
(WindTorque) Stellar Wind Torque []: 9.321151e+26 
Output Order: [year] [year] [LSUN] [LSUN] [Rearth] [K] []
Grid Output Order:



---- FINAL SYSTEM PROPERTIES ----
(Age) System Age [sec]: 2.540387e+17 
(Time) Simulation Time [sec]: 2.524608e+17 
(TotAngMom) Total Angular Momentum [kg*m^2/sec]: 2.862522e+42 
(TotEnergy) Total System Energy [kg*m^2/sec^2]: -1.326261e+41 
(PotEnergy) Body's non-orbital Potential Energy [kg*m^2/sec^2]: -1.454657e+41 
(KinEnergy) Body's non-orbital Kinetic Energy [kg*m^2/sec^2]: 6.232735e+34 
(DeltaTime) Average Timestep Over Last Output Interval [sec]: 1.577880e+12 

----- BODY: star ----
Active Modules: STELLAR
Module Bit Sum: 65
Color: 000000
(Mass) Mass [kg]: 1.200000e+30 
(Radius) Radius [Rearth]: 62.153600 
(RadGyra) Radius of Gyration/Moment of Inertia Constant []: 0.384339 
(RotAngMom) Rotational Angular Momentum [kg*m^2/sec]: 5.892737e+40 
(RotVel) Rotational Velocity [m/sec]: 838.589049 
(BodyType) Type of Body (0 == planet) []: 0.000000 
(RotRate) Rotational Frequency [/sec]: 2.115395e-06 
(RotPer) Rotational Period [sec]: 2.970218e+06 
(Density) Average Density [kg/m^3]: 4598.538252 
(HZLimitDryRunaway) Semi-major axis of Dry Runaway HZ Limit [m]: 3.737843e+10 
(HZLimRecVenus) Recent Venus HZ Limit [m]: 3.285295e+10 
(HZLimRunaway) Runaway Greenhouse HZ Limit [m]: 4.359093e+10 
(HZLimMoistGreenhouse) Moist Greenhouse HZ Limit [m]: 4.346974e+10 
(HZLimMaxGreenhouse) Maximum Greenhouse HZ Limit [m]: 7.996145e+10 
(HZLimEarlyMars) Early Mars HZ Limit [m]: 8.721643e+10 
(Instellation) Orbit-averaged INcident STELLar radiATION [kg/sec^3]: -1.000000 
(CriticalSemiMajorAxis) Holman & Wiegert (1999) P-type Critical Semi-major Axis [m]: -1.000000 
(LXUVTot) Total XUV Luminosity [kg/sec^3]: 2.656613e+20 
(LostEnergy) Body's Total Lost Energy [kg*m^2/sec^2]: 1.283954e+40 
(LostAngMom) Lost Angular Momentum due to Magnetic Braking [kg*m^2/sec]: 2.803595e+42 
----- STELLAR PARAMETERS (star)------
(Luminosity) Luminosity [LSUN]: 0.075779 
(LXUVStellar) Base X-ray/XUV Luminosity [LSUN]: 6.907471e-07 
(Temperature) Effective Temperature [K]: 4014.788427 
(LXUVFrac) Fraction of luminosity in XUV []: 9.115245e-06 
(RossbyNumber) Rossby Number []: 0.855365 
(DRotPerDtStellar) Time Rate of Change of Rotation Period in STELLAR []: 4.363551e-12 
(WindTorque) Stellar Wind Torque []: 6.203907e+22 
Output Order: [year] [year] [LSUN] [LSUN] [Rearth] [K] []
Grid Output Order:
