-------- Log file star.log -------

Executable: (null)
Version: Unknown
System Name: star
Primary Input File: vpl.in
Body File #1: m0p5.in
Allow files to be overwitten: Yes
Mass Units: Grams
Length Units: Meters
Time Units: Seconds
Angle Units: Radians

------- FORMATTING -----
Verbosity Level: 5
Crossover Decade for Scientific Notation: 4
Number of Digits After Decimal: 6
Integration Method: Runge-Kutta4
Direction: Forward
Time Step: 3.155760e+07
Stop Time: 2.524608e+17
Output Interval: 3.155760e+12
Use Variable Timestep: Yes
dEta: 0.010000
Minimum Value of ecc and obl: 1.000000e-10


---- INITIAL SYSTEM PROPERTIES ----
(Age) System Age [sec]: 1.577880e+15 
(Time) Simulation Time [sec]: 0.000000 
(TotAngMom) Total Angular Momentum [kg*m^2/sec]: 2.082088e+42 
(TotEnergy) Total System Energy [kg*m^2/sec^2]: -1.044823e+41 
(PotEnergy) Body's non-orbital Potential Energy [kg*m^2/sec^2]: -1.045580e+41 
(KinEnergy) Body's non-orbital Kinetic Energy [kg*m^2/sec^2]: 7.570685e+37 
(DeltaTime) Average Timestep Over Last Output Interval [sec]: 0.000000 

----- BODY: star ----
Active Modules: STELLAR
Module Bit Sum: 65
Color: 000000
(Mass) Mass [kg]: 1.000000e+30 
(Radius) Radius [Rearth]: 60.049181 
(RadGyra) Radius of Gyration/Moment of Inertia Constant []: 0.441792 
(RotAngMom) Rotational Angular Momentum [kg*m^2/sec]: 2.082088e+42 
(RotVel) Rotational Velocity [m/sec]: 2.785252e+04 
(BodyType) Type of Body (0 == planet) []: 0.000000 
(RotRate) Rotational Frequency [/sec]: 7.272205e-05 
(RotPer) Rotational Period [sec]: 8.640000e+04 
(Density) Average Density [kg/m^3]: 4249.287961 
(HZLimitDryRunaway) Semi-major axis of Dry Runaway HZ Limit [m]: 2.936754e+10 
(HZLimRecVenus) Recent Venus HZ Limit [m]: 2.607902e+10 
(HZLimRunaway) Runaway Greenhouse HZ Limit [m]: 3.451866e+10 
(HZLimMoistGreenhouse) Moist Greenhouse HZ Limit [m]: 3.450678e+10 
(HZLimMaxGreenhouse) Maximum Greenhouse HZ Limit [m]: 6.453379e+10 
(HZLimEarlyMars) Early Mars HZ Limit [m]: 7.038425e+10 
(Instellation) Orbit-averaged INcident STELLar radiATION [kg/sec^3]: -1.000000 
(CriticalSemiMajorAxis) Holman & Wiegert (1999) P-type Critical Semi-major Axis [m]: -1.000000 
(LXUVTot) Total XUV Luminosity [kg/sec^3]: 3.625169e+22 
(LostEnergy) Body's Total Lost Energy [kg*m^2/sec^2]: 5.562685e-309 
(LostAngMom) Lost Angular Momentum due to Magnetic Braking [kg*m^2/sec]: 5.562685e-309 
----- STELLAR PARAMETERS (star)------
(Luminosity) Luminosity [LSUN]: 0.046778 
(LXUVStellar) Base X-ray/XUV Luminosity [LSUN]: 9.425815e-05 
(Temperature) Effective Temperature [K]: 3621.187949 
(LXUVFrac) Fraction of luminosity in XUV []: 0.002015 
(RossbyNumber) Rossby Number []: 0.020333 
(DRotPerDtStellar) Time Rate of Change of Rotation Period in STELLAR []: -1.285253e-11 
(WindTorque) Stellar Wind Torque []: 5.373703e+26 
Output Order: [year] [year] [LSUN] [LSUN] [Rearth] [K] []
Grid Output Order:



---- FINAL SYSTEM PROPERTIES ----
(Age) System Age [sec]: 2.540387e+17 
(Time) Simulation Time [sec]: 2.524608e+17 
(TotAngMom) Total Angular Momentum [kg*m^2/sec]: 2.082755e+42 
(TotEnergy) Total System Energy [kg*m^2/sec^2]: -1.044640e+41 
(PotEnergy) Body's non-orbital Potential Energy [kg*m^2/sec^2]: -1.220096e+41 
(KinEnergy) Body's non-orbital Kinetic Energy [kg*m^2/sec^2]: 5.392509e+34 
(DeltaTime) Average Timestep Over Last Output Interval [sec]: 1.577880e+12 

----- BODY: star ----
Active Modules: STELLAR
Module Bit Sum: 65
Color: 000000
(Mass) Mass [kg]: 1.000000e+30 
(Radius) Radius [Rearth]: 51.460080 
(RadGyra) Radius of Gyration/Moment of Inertia Constant []: 0.418159 
(RotAngMom) Rotational Angular Momentum [kg*m^2/sec]: 4.507276e+40 
(RotVel) Rotational Velocity [m/sec]: 785.359458 
(BodyType) Type of Body (0 == planet) []: 0.000000 
(RotRate) Rotational Frequency [/sec]: 2.392802e-06 
(RotPer) Rotational Period [sec]: 2.625870e+06 
(Density) Average Density [kg/m^3]: 6751.900658 
(HZLimitDryRunaway) Semi-major axis of Dry Runaway HZ Limit [m]: 2.621460e+10 
(HZLimRecVenus) Recent Venus HZ Limit [m]: 2.323877e+10 
(HZLimRunaway) Runaway Greenhouse HZ Limit [m]: 3.077627e+10 
(HZLimMoistGreenhouse) Moist Greenhouse HZ Limit [m]: 3.074865e+10 
(HZLimMaxGreenhouse) Maximum Greenhouse HZ Limit [m]: 5.733741e+10 
(HZLimEarlyMars) Early Mars HZ Limit [m]: 6.253615e+10 
(Instellation) Orbit-averaged INcident STELLar radiATION [kg/sec^3]: -1.000000 
(CriticalSemiMajorAxis) Holman & Wiegert (1999) P-type Critical Semi-major Axis [m]: -1.000000 
(LXUVTot) Total XUV Luminosity [kg/sec^3]: 1.491847e+20 
(LostEnergy) Body's Total Lost Energy [kg*m^2/sec^2]: 1.754548e+40 
(LostAngMom) Lost Angular Momentum due to Magnetic Braking [kg*m^2/sec]: 2.037682e+42 
----- STELLAR PARAMETERS (star)------
(Luminosity) Luminosity [LSUN]: 0.037273 
(LXUVStellar) Base X-ray/XUV Luminosity [LSUN]: 3.878957e-07 
(Temperature) Effective Temperature [K]: 3692.919666 
(LXUVFrac) Fraction of luminosity in XUV []: 1.040687e-05 
(RossbyNumber) Rossby Number []: 0.641105 
(DRotPerDtStellar) Time Rate of Change of Rotation Period in STELLAR []: 3.113202e-12 
(WindTorque) Stellar Wind Torque []: 4.739334e+22 
Output Order: [year] [year] [LSUN] [LSUN] [Rearth] [K] []
Grid Output Order:
