-------- Log file star.log -------

Executable: (null)
Version: Unknown
System Name: star
Primary Input File: vpl.in
Body File #1: m0p8.in
Allow files to be overwitten: Yes
Mass Units: Grams
Length Units: Meters
Time Units: Seconds
Angle Units: Radians

------- FORMATTING -----
Verbosity Level: 5
Crossover Decade for Scientific Notation: 4
Number of Digits After Decimal: 6
Integration Method: Runge-Kutta4
Direction: Forward
Time Step: 3.155760e+07
Stop Time: 2.524608e+17
Output Interval: 3.155760e+12
Use Variable Timestep: Yes
dEta: 0.010000
Minimum Value of ecc and obl: 1.000000e-10


---- INITIAL SYSTEM PROPERTIES ----
(Age) System Age [sec]: 1.577880e+15 
(Time) Simulation Time [sec]: 0.000000 
(TotAngMom) Total Angular Momentum [kg*m^2/sec]: 3.656416e+42 
(TotEnergy) Total System Energy [kg*m^2/sec^2]: -1.889150e+41 
(PotEnergy) Body's non-orbital Potential Energy [kg*m^2/sec^2]: -1.890480e+41 
(KinEnergy) Body's non-orbital Kinetic Energy [kg*m^2/sec^2]: 1.329510e+38 
(DeltaTime) Average Timestep Over Last Output Interval [sec]: 0.000000 

----- BODY: star ----
Active Modules: STELLAR
Module Bit Sum: 65
Color: 000000
(Mass) Mass [kg]: 1.600000e+30 
(Radius) Radius [Rearth]: 85.022194 
(RadGyra) Radius of Gyration/Moment of Inertia Constant []: 0.326897 
(RotAngMom) Rotational Angular Momentum [kg*m^2/sec]: 3.656416e+42 
(RotVel) Rotational Velocity [m/sec]: 3.943572e+04 
(BodyType) Type of Body (0 == planet) []: 0.000000 
(RotRate) Rotational Frequency [/sec]: 7.272205e-05 
(RotPer) Rotational Period [sec]: 8.640000e+04 
(Density) Average Density [kg/m^3]: 2395.303071 
(HZLimitDryRunaway) Semi-major axis of Dry Runaway HZ Limit [m]: 7.793516e+10 
(HZLimRecVenus) Recent Venus HZ Limit [m]: 6.636177e+10 
(HZLimRunaway) Runaway Greenhouse HZ Limit [m]: 8.779984e+10 
(HZLimMoistGreenhouse) Moist Greenhouse HZ Limit [m]: 8.780706e+10 
(HZLimMaxGreenhouse) Maximum Greenhouse HZ Limit [m]: 1.546400e+11 
(HZLimEarlyMars) Early Mars HZ Limit [m]: 1.687012e+11 
(Instellation) Orbit-averaged INcident STELLar radiATION [kg/sec^3]: -1.000000 
(CriticalSemiMajorAxis) Holman & Wiegert (1999) P-type Critical Semi-major Axis [m]: -1.000000 
(LXUVTot) Total XUV Luminosity [kg/sec^3]: 1.781436e+23 
(LostEnergy) Body's Total Lost Energy [kg*m^2/sec^2]: 5.562685e-309 
(LostAngMom) Lost Angular Momentum due to Magnetic Braking [kg*m^2/sec]: 5.562685e-309 
----- STELLAR PARAMETERS (star)------
(Luminosity) Luminosity [LSUN]: 0.329439 
(LXUVStellar) Base X-ray/XUV Luminosity [LSUN]: 0.000463 
(Temperature) Effective Temperature [K]: 4954.660009 
(LXUVFrac) Fraction of luminosity in XUV []: 0.001406 
(RossbyNumber) Rossby Number []: 0.040870 
(DRotPerDtStellar) Time Rate of Change of Rotation Period in STELLAR []: 9.164984e-12 
(WindTorque) Stellar Wind Torque []: 2.509930e+27 
Output Order: [year] [year] [LSUN] [LSUN] [Rearth] [K] []
Grid Output Order:



---- FINAL SYSTEM PROPERTIES ----
(Age) System Age [sec]: 2.540387e+17 
(Time) Simulation Time [sec]: 2.524608e+17 
(TotAngMom) Total Angular Momentum [kg*m^2/sec]: 3.656842e+42 
(TotEnergy) Total System Energy [kg*m^2/sec^2]: -1.888898e+41 
(PotEnergy) Body's non-orbital Potential Energy [kg*m^2/sec^2]: -1.921193e+41 
(KinEnergy) Body's non-orbital Kinetic Energy [kg*m^2/sec^2]: 7.370451e+34 
(DeltaTime) Average Timestep Over Last Output Interval [sec]: 1.577880e+12 

----- BODY: star ----
Active Modules: STELLAR
Module Bit Sum: 65
Color: 000000
(Mass) Mass [kg]: 1.600000e+30 
(Radius) Radius [Rearth]: 83.662961 
(RadGyra) Radius of Gyration/Moment of Inertia Constant []: 0.324204 
(RotAngMom) Rotational Angular Momentum [kg*m^2/sec]: 8.401654e+40 
(RotVel) Rotational Velocity [m/sec]: 936.232670 
(BodyType) Type of Body (0 == planet) []: 0.000000 
(RotRate) Rotational Frequency [/sec]: 1.754524e-06 
(RotPer) Rotational Period [sec]: 3.581134e+06 
(Density) Average Density [kg/m^3]: 2513.956228 
(HZLimitDryRunaway) Semi-major axis of Dry Runaway HZ Limit [m]: 7.751869e+10 
(HZLimRecVenus) Recent Venus HZ Limit [m]: 6.594085e+10 
(HZLimRunaway) Runaway Greenhouse HZ Limit [m]: 8.721836e+10 
(HZLimMoistGreenhouse) Moist Greenhouse HZ Limit [m]: 8.725011e+10 
(HZLimMaxGreenhouse) Maximum Greenhouse HZ Limit [m]: 1.534661e+11 
(HZLimEarlyMars) Early Mars HZ Limit [m]: 1.674214e+11 
(Instellation) Orbit-averaged INcident STELLar radiATION [kg/sec^3]: -1.000000 
(CriticalSemiMajorAxis) Holman & Wiegert (1999) P-type Critical Semi-major Axis [m]: -1.000000 
(LXUVTot) Total XUV Luminosity [kg/sec^3]: 8.411176e+20 
(LostEnergy) Body's Total Lost Energy [kg*m^2/sec^2]: 3.229511e+39 
(LostAngMom) Lost Angular Momentum due to Magnetic Braking [kg*m^2/sec]: 3.572825e+42 
----- STELLAR PARAMETERS (star)------
(Luminosity) Luminosity [LSUN]: 0.325928 
(LXUVStellar) Base X-ray/XUV Luminosity [LSUN]: 2.186993e-06 
(Temperature) Effective Temperature [K]: 4980.976981 
(LXUVFrac) Fraction of luminosity in XUV []: 6.710053e-06 
(RossbyNumber) Rossby Number []: 1.719620 
(DRotPerDtStellar) Time Rate of Change of Rotation Period in STELLAR []: 5.141288e-12 
(WindTorque) Stellar Wind Torque []: 9.807721e+22 
Output Order: [year] [year] [LSUN] [LSUN] [Rearth] [K] []
Grid Output Order:
