-------- Log file star.log -------

Executable: (null)
Version: Unknown
System Name: star
Primary Input File: vpl.in
Body File #1: m0p2.in
Allow files to be overwitten: Yes
Mass Units: Grams
Length Units: Meters
Time Units: Seconds
Angle Units: Radians

------- FORMATTING -----
Verbosity Level: 5
Crossover Decade for Scientific Notation: 4
Number of Digits After Decimal: 6
Integration Method: Runge-Kutta4
Direction: Forward
Time Step: 3.155760e+07
Stop Time: 2.524608e+17
Output Interval: 3.155760e+12
Use Variable Timestep: Yes
dEta: 0.010000
Minimum Value of ecc and obl: 1.000000e-10


---- INITIAL SYSTEM PROPERTIES ----
(Age) System Age [sec]: 1.577880e+15 
(Time) Simulation Time [sec]: 0.000000 
(TotAngMom) Total Angular Momentum [kg*m^2/sec]: 3.314201e+41 
(TotEnergy) Total System Energy [kg*m^2/sec^2]: -2.756943e+40 
(PotEnergy) Body's non-orbital Potential Energy [kg*m^2/sec^2]: -2.758148e+40 
(KinEnergy) Body's non-orbital Kinetic Energy [kg*m^2/sec^2]: 1.205077e+37 
(DeltaTime) Average Timestep Over Last Output Interval [sec]: 0.000000 

----- BODY: star ----
Active Modules: STELLAR
Module Bit Sum: 65
Color: 000000
(Mass) Mass [kg]: 4.000000e+29 
(Radius) Radius [Rearth]: 36.422248 
(RadGyra) Radius of Gyration/Moment of Inertia Constant []: 0.459482 
(RotAngMom) Rotational Angular Momentum [kg*m^2/sec]: 3.314201e+41 
(RotVel) Rotational Velocity [m/sec]: 1.689368e+04 
(BodyType) Type of Body (0 == planet) []: 0.000000 
(RotRate) Rotational Frequency [/sec]: 7.272205e-05 
(RotPer) Rotational Period [sec]: 8.640000e+04 
(Density) Average Density [kg/m^3]: 7617.231482 
(HZLimitDryRunaway) Semi-major axis of Dry Runaway HZ Limit [m]: 1.463332e+10 
(HZLimRecVenus) Recent Venus HZ Limit [m]: 1.309150e+10 
(HZLimRunaway) Runaway Greenhouse HZ Limit [m]: 1.727680e+10 
(HZLimMoistGreenhouse) Moist Greenhouse HZ Limit [m]: 1.732221e+10 
(HZLimMaxGreenhouse) Maximum Greenhouse HZ Limit [m]: 3.283225e+10 
(HZLimEarlyMars) Early Mars HZ Limit [m]: 3.580730e+10 
(Instellation) Orbit-averaged INcident STELLar radiATION [kg/sec^3]: -1.000000 
(CriticalSemiMajorAxis) Holman & Wiegert (1999) P-type Critical Semi-major Axis [m]: -1.000000 
(LXUVTot) Total XUV Luminosity [kg/sec^3]: 1.172108e+22 
(LostEnergy) Body's Total Lost Energy [kg*m^2/sec^2]: 5.562685e-309 
(LostAngMom) Lost Angular Momentum due to Magnetic Braking [kg*m^2/sec]: 5.562685e-309 
----- STELLAR PARAMETERS (star)------
(Luminosity) Luminosity [LSUN]: 0.011614 
(LXUVStellar) Base X-ray/XUV Luminosity [LSUN]: 3.047603e-05 
(Temperature) Effective Temperature [K]: 3281.061925 
(LXUVFrac) Fraction of luminosity in XUV []: 0.002624 
(RossbyNumber) Rossby Number []: 0.017082 
(DRotPerDtStellar) Time Rate of Change of Rotation Period in STELLAR []: -2.513327e-11 
(WindTorque) Stellar Wind Torque []: 6.878365e+25 
Output Order: [year] [year] [LSUN] [LSUN] [Rearth] [K] []
Grid Output Order:



---- FINAL SYSTEM PROPERTIES ----
(Age) System Age [sec]: 2.540387e+17 
(Time) Simulation Time [sec]: 2.524608e+17 
(TotAngMom) Total Angular Momentum [kg*m^2/sec]: 3.314330e+41 
(TotEnergy) Total System Energy [kg*m^2/sec^2]: -2.756967e+40 
(PotEnergy) Body's non-orbital Potential Energy [kg*m^2/sec^2]: -4.192989e+40 
(KinEnergy) Body's non-orbital Kinetic Energy [kg*m^2/sec^2]: 5.478435e+32 
(DeltaTime) Average Timestep Over Last Output Interval [sec]: 3.155760e+12 

----- BODY: star ----
Active Modules: STELLAR
Module Bit Sum: 65
Color: 000000
(Mass) Mass [kg]: 4.000000e+29 
(Radius) Radius [Rearth]: 23.958555 
(RadGyra) Radius of Gyration/Moment of Inertia Constant []: 0.460082 
(RotAngMom) Rotational Angular Momentum [kg*m^2/sec]: 1.471838e+39 
(RotVel) Rotational Velocity [m/sec]: 113.757054 
(BodyType) Type of Body (0 == planet) []: 0.000000 
(RotRate) Rotational Frequency [/sec]: 7.444343e-07 
(RotPer) Rotational Period [sec]: 8.440214e+06 
(Density) Average Density [kg/m^3]: 2.676181e+04 
(HZLimitDryRunaway) Semi-major axis of Dry Runaway HZ Limit [m]: 9.524899e+09 
(HZLimRecVenus) Recent Venus HZ Limit [m]: 8.523993e+09 
(HZLimRunaway) Runaway Greenhouse HZ Limit [m]: 1.124747e+10 
(HZLimMoistGreenhouse) Moist Greenhouse HZ Limit [m]: 1.127864e+10 
(HZLimMaxGreenhouse) Maximum Greenhouse HZ Limit [m]: 2.139029e+10 
(HZLimEarlyMars) Early Mars HZ Limit [m]: 2.332851e+10 
(Instellation) Orbit-averaged INcident STELLar radiATION [kg/sec^3]: -1.000000 
(CriticalSemiMajorAxis) Holman & Wiegert (1999) P-type Critical Semi-major Axis [m]: -1.000000 
(LXUVTot) Total XUV Luminosity [kg/sec^3]: 4.220383e+20 
(LostEnergy) Body's Total Lost Energy [kg*m^2/sec^2]: 1.436022e+40 
(LostAngMom) Lost Angular Momentum due to Magnetic Braking [kg*m^2/sec]: 3.299612e+41 
----- STELLAR PARAMETERS (star)------
(Luminosity) Luminosity [LSUN]: 0.004921 
(LXUVStellar) Base X-ray/XUV Luminosity [LSUN]: 1.097343e-06 
(Temperature) Effective Temperature [K]: 3265.296485 
(LXUVFrac) Fraction of luminosity in XUV []: 0.000223 
(RossbyNumber) Rossby Number []: 1.655263 
(DRotPerDtStellar) Time Rate of Change of Rotation Period in STELLAR []: 1.210959e-11 
(WindTorque) Stellar Wind Torque []: 2.111055e+21 
Output Order: [year] [year] [LSUN] [LSUN] [Rearth] [K] []
Grid Output Order:
